[0.016s] Invoking command in '/home/rabe/ros2_ws/build/drone_binome': CMAKE_PREFIX_PATH=${CMAKE_PREFIX_PATH}:/opt/ros/jazzy DEBUGINFOD_URLS=https://debuginfod.ubuntu.com /usr/bin/cmake --build /home/rabe/ros2_ws/build/drone_binome -- -j16 -l16
[0.132s] [  0%] Built target drone_node_autogen_timestamp_deps
[0.260s] [ 20%] [34m[1mAutomatic MOC and UIC for target drone_node[0m
[0.327s] [ 20%] Built target drone_node_autogen
[0.466s] [ 40%] [32mBuilding CXX object CMakeFiles/drone_node.dir/src/drone_main.cpp.o[0m
[10.838s] [ 60%] [32m[1mLinking CXX executable drone_node[0m
[12.372s] [100%] Built target drone_node
[12.388s] Invoked command in '/home/rabe/ros2_ws/build/drone_binome' returned '0': CMAKE_PREFIX_PATH=${CMAKE_PREFIX_PATH}:/opt/ros/jazzy DEBUGINFOD_URLS=https://debuginfod.ubuntu.com /usr/bin/cmake --build /home/rabe/ros2_ws/build/drone_binome -- -j16 -l16
[12.402s] Invoking command in '/home/rabe/ros2_ws/build/drone_binome': CMAKE_PREFIX_PATH=${CMAKE_PREFIX_PATH}:/opt/ros/jazzy DEBUGINFOD_URLS=https://debuginfod.ubuntu.com /usr/bin/cmake --install /home/rabe/ros2_ws/build/drone_binome
[12.414s] -- Install configuration: ""
[12.415s] -- Execute custom install script
[12.415s] -- Up-to-date symlink: /home/rabe/ros2_ws/install/drone_binome/lib/drone_binome/drone_node
[12.415s] -- Up-to-date symlink: /home/rabe/ros2_ws/install/drone_binome/share/drone_binome/worlds/monde_binome.sdf
[12.416s] -- Up-to-date symlink: /home/rabe/ros2_ws/install/drone_binome/share/drone_binome/models/Parrot Bebop 2.zip
[12.416s] -- Up-to-date symlink: /home/rabe/ros2_ws/install/drone_binome/share/drone_binome/models/model_drone/meshes/hull.dae
[12.416s] -- Up-to-date symlink: /home/rabe/ros2_ws/install/drone_binome/share/drone_binome/models/parrot_bebop_2/meshes/hull.dae
[12.416s] -- Up-to-date symlink: /home/rabe/ros2_ws/install/drone_binome/share/drone_binome/models/parrot_bebop_2/meshes/propeller_fl.dae
[12.416s] -- Up-to-date symlink: /home/rabe/ros2_ws/install/drone_binome/share/drone_binome/models/parrot_bebop_2/meshes/propeller_fr.dae
[12.416s] -- Up-to-date symlink: /home/rabe/ros2_ws/install/drone_binome/share/drone_binome/models/parrot_bebop_2/meshes/propeller_rl.dae
[12.416s] -- Up-to-date symlink: /home/rabe/ros2_ws/install/drone_binome/share/drone_binome/models/parrot_bebop_2/meshes/propeller_rr.dae
[12.416s] -- Up-to-date symlink: /home/rabe/ros2_ws/install/drone_binome/share/drone_binome/models/parrot_bebop_2/model.config
[12.416s] -- Up-to-date symlink: /home/rabe/ros2_ws/install/drone_binome/share/drone_binome/models/parrot_bebop_2/model.sdf
[12.416s] -- Up-to-date symlink: /home/rabe/ros2_ws/install/drone_binome/share/drone_binome/models/parrot_bebop_2/thumbnails/1.png
[12.416s] -- Up-to-date symlink: /home/rabe/ros2_ws/install/drone_binome/share/drone_binome/models/parrot_bebop_2/thumbnails/2.png
[12.416s] -- Up-to-date symlink: /home/rabe/ros2_ws/install/drone_binome/share/drone_binome/models/parrot_bebop_2/thumbnails/3.png
[12.416s] -- Up-to-date symlink: /home/rabe/ros2_ws/install/drone_binome/share/drone_binome/models/parrot_bebop_2/thumbnails/4.png
[12.416s] -- Up-to-date symlink: /home/rabe/ros2_ws/install/drone_binome/share/drone_binome/models/parrot_bebop_2/thumbnails/5.png
[12.417s] -- Up-to-date symlink: /home/rabe/ros2_ws/install/drone_binome/share/ament_index/resource_index/package_run_dependencies/drone_binome
[12.417s] -- Up-to-date symlink: /home/rabe/ros2_ws/install/drone_binome/share/ament_index/resource_index/parent_prefix_path/drone_binome
[12.417s] -- Up-to-date symlink: /home/rabe/ros2_ws/install/drone_binome/share/drone_binome/environment/ament_prefix_path.sh
[12.417s] -- Up-to-date symlink: /home/rabe/ros2_ws/install/drone_binome/share/drone_binome/environment/ament_prefix_path.dsv
[12.417s] -- Up-to-date symlink: /home/rabe/ros2_ws/install/drone_binome/share/drone_binome/environment/path.sh
[12.417s] -- Up-to-date symlink: /home/rabe/ros2_ws/install/drone_binome/share/drone_binome/environment/path.dsv
[12.417s] -- Up-to-date symlink: /home/rabe/ros2_ws/install/drone_binome/share/drone_binome/local_setup.bash
[12.417s] -- Up-to-date symlink: /home/rabe/ros2_ws/install/drone_binome/share/drone_binome/local_setup.sh
[12.417s] -- Up-to-date symlink: /home/rabe/ros2_ws/install/drone_binome/share/drone_binome/local_setup.zsh
[12.417s] -- Up-to-date symlink: /home/rabe/ros2_ws/install/drone_binome/share/drone_binome/local_setup.dsv
[12.418s] -- Symlinking: /home/rabe/ros2_ws/install/drone_binome/share/drone_binome/package.dsv
[12.432s] -- Up-to-date symlink: /home/rabe/ros2_ws/install/drone_binome/share/ament_index/resource_index/packages/drone_binome
[12.432s] -- Up-to-date symlink: /home/rabe/ros2_ws/install/drone_binome/share/drone_binome/cmake/drone_binomeConfig.cmake
[12.432s] -- Up-to-date symlink: /home/rabe/ros2_ws/install/drone_binome/share/drone_binome/cmake/drone_binomeConfig-version.cmake
[12.432s] -- Up-to-date symlink: /home/rabe/ros2_ws/install/drone_binome/share/drone_binome/package.xml
[12.435s] Invoked command in '/home/rabe/ros2_ws/build/drone_binome' returned '0': CMAKE_PREFIX_PATH=${CMAKE_PREFIX_PATH}:/opt/ros/jazzy DEBUGINFOD_URLS=https://debuginfod.ubuntu.com /usr/bin/cmake --install /home/rabe/ros2_ws/build/drone_binome
