[0.014s] Invoking command in '/home/rabe/ros2_ws/build/drone_binome': CMAKE_PREFIX_PATH=${CMAKE_PREFIX_PATH}:/opt/ros/jazzy DEBUGINFOD_URLS=https://debuginfod.ubuntu.com /usr/bin/cmake --build /home/rabe/ros2_ws/build/drone_binome -- -j16 -l16
[0.109s] [  0%] Built target drone_node_autogen_timestamp_deps
[0.365s] [ 20%] [34m[1mAutomatic MOC and UIC for target drone_node[0m
[0.422s] [ 20%] Built target drone_node_autogen
[0.580s] [ 40%] [32mBuilding CXX object CMakeFiles/drone_node.dir/src/drone_main.cpp.o[0m
[10.314s] [ 60%] [32m[1mLinking CXX executable drone_node[0m
[11.903s] [100%] Built target drone_node
[11.916s] Invoked command in '/home/rabe/ros2_ws/build/drone_binome' returned '0': CMAKE_PREFIX_PATH=${CMAKE_PREFIX_PATH}:/opt/ros/jazzy DEBUGINFOD_URLS=https://debuginfod.ubuntu.com /usr/bin/cmake --build /home/rabe/ros2_ws/build/drone_binome -- -j16 -l16
[11.926s] Invoking command in '/home/rabe/ros2_ws/build/drone_binome': CMAKE_PREFIX_PATH=${CMAKE_PREFIX_PATH}:/opt/ros/jazzy DEBUGINFOD_URLS=https://debuginfod.ubuntu.com /usr/bin/cmake --install /home/rabe/ros2_ws/build/drone_binome
[11.935s] -- Install configuration: ""
[11.935s] -- Execute custom install script
[11.935s] -- Up-to-date symlink: /home/rabe/ros2_ws/install/drone_binome/lib/drone_binome/drone_node
[11.935s] -- Up-to-date symlink: /home/rabe/ros2_ws/install/drone_binome/share/drone_binome/worlds/monde_binome.sdf
[11.936s] -- Up-to-date symlink: /home/rabe/ros2_ws/install/drone_binome/share/drone_binome/models/Parrot Bebop 2.zip
[11.936s] -- Up-to-date symlink: /home/rabe/ros2_ws/install/drone_binome/share/drone_binome/models/model_drone/meshes/hull.dae
[11.936s] -- Up-to-date symlink: /home/rabe/ros2_ws/install/drone_binome/share/drone_binome/models/parrot_bebop_2/meshes/hull.dae
[11.936s] -- Up-to-date symlink: /home/rabe/ros2_ws/install/drone_binome/share/drone_binome/models/parrot_bebop_2/meshes/propeller_fl.dae
[11.936s] -- Up-to-date symlink: /home/rabe/ros2_ws/install/drone_binome/share/drone_binome/models/parrot_bebop_2/meshes/propeller_fr.dae
[11.936s] -- Up-to-date symlink: /home/rabe/ros2_ws/install/drone_binome/share/drone_binome/models/parrot_bebop_2/meshes/propeller_rl.dae
[11.936s] -- Up-to-date symlink: /home/rabe/ros2_ws/install/drone_binome/share/drone_binome/models/parrot_bebop_2/meshes/propeller_rr.dae
[11.936s] -- Up-to-date symlink: /home/rabe/ros2_ws/install/drone_binome/share/drone_binome/models/parrot_bebop_2/model.config
[11.937s] -- Up-to-date symlink: /home/rabe/ros2_ws/install/drone_binome/share/drone_binome/models/parrot_bebop_2/model.sdf
[11.937s] -- Up-to-date symlink: /home/rabe/ros2_ws/install/drone_binome/share/drone_binome/models/parrot_bebop_2/thumbnails/1.png
[11.937s] -- Up-to-date symlink: /home/rabe/ros2_ws/install/drone_binome/share/drone_binome/models/parrot_bebop_2/thumbnails/2.png
[11.937s] -- Up-to-date symlink: /home/rabe/ros2_ws/install/drone_binome/share/drone_binome/models/parrot_bebop_2/thumbnails/3.png
[11.937s] -- Up-to-date symlink: /home/rabe/ros2_ws/install/drone_binome/share/drone_binome/models/parrot_bebop_2/thumbnails/4.png
[11.937s] -- Up-to-date symlink: /home/rabe/ros2_ws/install/drone_binome/share/drone_binome/models/parrot_bebop_2/thumbnails/5.png
[11.937s] -- Up-to-date symlink: /home/rabe/ros2_ws/install/drone_binome/share/ament_index/resource_index/package_run_dependencies/drone_binome
[11.937s] -- Up-to-date symlink: /home/rabe/ros2_ws/install/drone_binome/share/ament_index/resource_index/parent_prefix_path/drone_binome
[11.937s] -- Up-to-date symlink: /home/rabe/ros2_ws/install/drone_binome/share/drone_binome/environment/ament_prefix_path.sh
[11.937s] -- Up-to-date symlink: /home/rabe/ros2_ws/install/drone_binome/share/drone_binome/environment/ament_prefix_path.dsv
[11.937s] -- Up-to-date symlink: /home/rabe/ros2_ws/install/drone_binome/share/drone_binome/environment/path.sh
[11.938s] -- Up-to-date symlink: /home/rabe/ros2_ws/install/drone_binome/share/drone_binome/environment/path.dsv
[11.938s] -- Up-to-date symlink: /home/rabe/ros2_ws/install/drone_binome/share/drone_binome/local_setup.bash
[11.938s] -- Up-to-date symlink: /home/rabe/ros2_ws/install/drone_binome/share/drone_binome/local_setup.sh
[11.938s] -- Up-to-date symlink: /home/rabe/ros2_ws/install/drone_binome/share/drone_binome/local_setup.zsh
[11.938s] -- Up-to-date symlink: /home/rabe/ros2_ws/install/drone_binome/share/drone_binome/local_setup.dsv
[11.938s] -- Symlinking: /home/rabe/ros2_ws/install/drone_binome/share/drone_binome/package.dsv
[11.949s] -- Up-to-date symlink: /home/rabe/ros2_ws/install/drone_binome/share/ament_index/resource_index/packages/drone_binome
[11.949s] -- Up-to-date symlink: /home/rabe/ros2_ws/install/drone_binome/share/drone_binome/cmake/drone_binomeConfig.cmake
[11.949s] -- Up-to-date symlink: /home/rabe/ros2_ws/install/drone_binome/share/drone_binome/cmake/drone_binomeConfig-version.cmake
[11.949s] -- Up-to-date symlink: /home/rabe/ros2_ws/install/drone_binome/share/drone_binome/package.xml
[11.951s] Invoked command in '/home/rabe/ros2_ws/build/drone_binome' returned '0': CMAKE_PREFIX_PATH=${CMAKE_PREFIX_PATH}:/opt/ros/jazzy DEBUGINFOD_URLS=https://debuginfod.ubuntu.com /usr/bin/cmake --install /home/rabe/ros2_ws/build/drone_binome
