[0.184s] DEBUG:colcon:Command line arguments: ['/usr/bin/colcon', 'build', '--packages-select', 'drone_binome']
[0.184s] DEBUG:colcon:Parsed command line arguments: Namespace(log_base=None, log_level=None, verb_name='build', build_base='build', install_base='install', merge_install=False, symlink_install=False, test_result_base=None, continue_on_error=False, executor='parallel', parallel_workers=16, event_handlers=None, ignore_user_meta=False, metas=['./colcon.meta'], base_paths=['.'], packages_ignore=None, packages_ignore_regex=None, paths=None, packages_up_to=None, packages_up_to_regex=None, packages_above=None, packages_above_and_dependencies=None, packages_above_depth=None, packages_select_by_dep=None, packages_skip_by_dep=None, packages_skip_up_to=None, packages_select_build_failed=False, packages_skip_build_finished=False, packages_select_test_failures=False, packages_skip_test_passed=False, packages_select=['drone_binome'], packages_skip=None, packages_select_regex=None, packages_skip_regex=None, packages_start=None, packages_end=None, allow_overriding=[], cmake_args=None, cmake_target=None, cmake_target_skip_unavailable=False, cmake_clean_cache=False, cmake_clean_first=False, cmake_force_configure=False, ament_cmake_args=None, catkin_cmake_args=None, catkin_skip_building_tests=False, verb_parser=<colcon_defaults.argument_parser.defaults.DefaultArgumentsDecorator object at 0x7eb721b89790>, verb_extension=<colcon_core.verb.build.BuildVerb object at 0x7eb721c49730>, main=<bound method BuildVerb.main of <colcon_core.verb.build.BuildVerb object at 0x7eb721c49730>>)
[0.257s] Level 1:colcon.colcon_core.package_discovery:discover_packages(colcon_meta) check parameters
[0.257s] Level 1:colcon.colcon_core.package_discovery:discover_packages(recursive) check parameters
[0.257s] Level 1:colcon.colcon_core.package_discovery:discover_packages(ignore) check parameters
[0.257s] Level 1:colcon.colcon_core.package_discovery:discover_packages(path) check parameters
[0.257s] Level 1:colcon.colcon_core.package_discovery:discover_packages(colcon_meta) discover
[0.257s] Level 1:colcon.colcon_core.package_discovery:discover_packages(recursive) discover
[0.257s] INFO:colcon.colcon_core.package_discovery:Crawling recursively for packages in '/home/rabe/ros2_ws'
[0.257s] Level 1:colcon.colcon_core.package_identification:_identify(.) by extensions ['ignore', 'ignore_ament_install']
[0.257s] Level 1:colcon.colcon_core.package_identification:_identify(.) by extension 'ignore'
[0.257s] Level 1:colcon.colcon_core.package_identification:_identify(.) by extension 'ignore_ament_install'
[0.257s] Level 1:colcon.colcon_core.package_identification:_identify(.) by extensions ['colcon_pkg']
[0.257s] Level 1:colcon.colcon_core.package_identification:_identify(.) by extension 'colcon_pkg'
[0.258s] Level 1:colcon.colcon_core.package_identification:_identify(.) by extensions ['colcon_meta']
[0.258s] Level 1:colcon.colcon_core.package_identification:_identify(.) by extension 'colcon_meta'
[0.258s] Level 1:colcon.colcon_core.package_identification:_identify(.) by extensions ['ros']
[0.258s] Level 1:colcon.colcon_core.package_identification:_identify(.) by extension 'ros'
[0.301s] Level 1:colcon.colcon_core.package_identification:_identify(.) by extensions ['cmake', 'python']
[0.301s] Level 1:colcon.colcon_core.package_identification:_identify(.) by extension 'cmake'
[0.301s] Level 1:colcon.colcon_core.package_identification:_identify(.) by extension 'python'
[0.301s] Level 1:colcon.colcon_core.package_identification:_identify(.) by extensions ['python_setup_py']
[0.301s] Level 1:colcon.colcon_core.package_identification:_identify(.) by extension 'python_setup_py'
[0.302s] Level 1:colcon.colcon_core.package_identification:_identify(build) by extensions ['ignore', 'ignore_ament_install']
[0.302s] Level 1:colcon.colcon_core.package_identification:_identify(build) by extension 'ignore'
[0.302s] Level 1:colcon.colcon_core.package_identification:_identify(build) ignored
[0.302s] Level 1:colcon.colcon_core.package_identification:_identify(install) by extensions ['ignore', 'ignore_ament_install']
[0.302s] Level 1:colcon.colcon_core.package_identification:_identify(install) by extension 'ignore'
[0.302s] Level 1:colcon.colcon_core.package_identification:_identify(install) ignored
[0.302s] Level 1:colcon.colcon_core.package_identification:_identify(log) by extensions ['ignore', 'ignore_ament_install']
[0.302s] Level 1:colcon.colcon_core.package_identification:_identify(log) by extension 'ignore'
[0.302s] Level 1:colcon.colcon_core.package_identification:_identify(log) ignored
[0.303s] Level 1:colcon.colcon_core.package_identification:_identify(src) by extensions ['ignore', 'ignore_ament_install']
[0.303s] Level 1:colcon.colcon_core.package_identification:_identify(src) by extension 'ignore'
[0.303s] Level 1:colcon.colcon_core.package_identification:_identify(src) by extension 'ignore_ament_install'
[0.303s] Level 1:colcon.colcon_core.package_identification:_identify(src) by extensions ['colcon_pkg']
[0.303s] Level 1:colcon.colcon_core.package_identification:_identify(src) by extension 'colcon_pkg'
[0.303s] Level 1:colcon.colcon_core.package_identification:_identify(src) by extensions ['colcon_meta']
[0.303s] Level 1:colcon.colcon_core.package_identification:_identify(src) by extension 'colcon_meta'
[0.303s] Level 1:colcon.colcon_core.package_identification:_identify(src) by extensions ['ros']
[0.303s] Level 1:colcon.colcon_core.package_identification:_identify(src) by extension 'ros'
[0.303s] Level 1:colcon.colcon_core.package_identification:_identify(src) by extensions ['cmake', 'python']
[0.303s] Level 1:colcon.colcon_core.package_identification:_identify(src) by extension 'cmake'
[0.303s] Level 1:colcon.colcon_core.package_identification:_identify(src) by extension 'python'
[0.303s] Level 1:colcon.colcon_core.package_identification:_identify(src) by extensions ['python_setup_py']
[0.303s] Level 1:colcon.colcon_core.package_identification:_identify(src) by extension 'python_setup_py'
[0.303s] Level 1:colcon.colcon_core.package_identification:_identify(src/drone_binome) by extensions ['ignore', 'ignore_ament_install']
[0.303s] Level 1:colcon.colcon_core.package_identification:_identify(src/drone_binome) by extension 'ignore'
[0.303s] Level 1:colcon.colcon_core.package_identification:_identify(src/drone_binome) by extension 'ignore_ament_install'
[0.303s] Level 1:colcon.colcon_core.package_identification:_identify(src/drone_binome) by extensions ['colcon_pkg']
[0.303s] Level 1:colcon.colcon_core.package_identification:_identify(src/drone_binome) by extension 'colcon_pkg'
[0.304s] Level 1:colcon.colcon_core.package_identification:_identify(src/drone_binome) by extensions ['colcon_meta']
[0.304s] Level 1:colcon.colcon_core.package_identification:_identify(src/drone_binome) by extension 'colcon_meta'
[0.304s] Level 1:colcon.colcon_core.package_identification:_identify(src/drone_binome) by extensions ['ros']
[0.304s] Level 1:colcon.colcon_core.package_identification:_identify(src/drone_binome) by extension 'ros'
[0.308s] DEBUG:colcon.colcon_core.package_identification:Package 'src/drone_binome' with type 'ros.ament_cmake' and name 'drone_binome'
[0.308s] Level 1:colcon.colcon_core.package_discovery:discover_packages(recursive) using defaults
[0.308s] Level 1:colcon.colcon_core.package_discovery:discover_packages(ignore) discover
[0.308s] Level 1:colcon.colcon_core.package_discovery:discover_packages(ignore) using defaults
[0.308s] Level 1:colcon.colcon_core.package_discovery:discover_packages(path) discover
[0.308s] Level 1:colcon.colcon_core.package_discovery:discover_packages(path) using defaults
[0.337s] Level 1:colcon.colcon_core.package_discovery:discover_packages(prefix_path) check parameters
[0.338s] Level 1:colcon.colcon_core.package_discovery:discover_packages(prefix_path) discover
[0.345s] DEBUG:colcon.colcon_installed_package_information.package_discovery:Found 318 installed packages in /opt/ros/jazzy
[0.346s] Level 1:colcon.colcon_core.package_discovery:discover_packages(prefix_path) using defaults
[0.399s] Level 5:colcon.colcon_core.verb:set package 'drone_binome' build argument 'cmake_args' from command line to 'None'
[0.400s] Level 5:colcon.colcon_core.verb:set package 'drone_binome' build argument 'cmake_target' from command line to 'None'
[0.400s] Level 5:colcon.colcon_core.verb:set package 'drone_binome' build argument 'cmake_target_skip_unavailable' from command line to 'False'
[0.400s] Level 5:colcon.colcon_core.verb:set package 'drone_binome' build argument 'cmake_clean_cache' from command line to 'False'
[0.400s] Level 5:colcon.colcon_core.verb:set package 'drone_binome' build argument 'cmake_clean_first' from command line to 'False'
[0.400s] Level 5:colcon.colcon_core.verb:set package 'drone_binome' build argument 'cmake_force_configure' from command line to 'False'
[0.400s] Level 5:colcon.colcon_core.verb:set package 'drone_binome' build argument 'ament_cmake_args' from command line to 'None'
[0.400s] Level 5:colcon.colcon_core.verb:set package 'drone_binome' build argument 'catkin_cmake_args' from command line to 'None'
[0.400s] Level 5:colcon.colcon_core.verb:set package 'drone_binome' build argument 'catkin_skip_building_tests' from command line to 'False'
[0.400s] DEBUG:colcon.colcon_core.verb:Building package 'drone_binome' with the following arguments: {'ament_cmake_args': None, 'build_base': '/home/rabe/ros2_ws/build/drone_binome', 'catkin_cmake_args': None, 'catkin_skip_building_tests': False, 'cmake_args': None, 'cmake_clean_cache': False, 'cmake_clean_first': False, 'cmake_force_configure': False, 'cmake_target': None, 'cmake_target_skip_unavailable': False, 'install_base': '/home/rabe/ros2_ws/install/drone_binome', 'merge_install': False, 'path': '/home/rabe/ros2_ws/src/drone_binome', 'symlink_install': False, 'test_result_base': None}
[0.400s] INFO:colcon.colcon_core.executor:Executing jobs using 'parallel' executor
[0.401s] DEBUG:colcon.colcon_parallel_executor.executor.parallel:run_until_complete
[0.401s] INFO:colcon.colcon_ros.task.ament_cmake.build:Building ROS package in '/home/rabe/ros2_ws/src/drone_binome' with build type 'ament_cmake'
[0.402s] INFO:colcon.colcon_cmake.task.cmake.build:Building CMake package in '/home/rabe/ros2_ws/src/drone_binome'
[0.409s] INFO:colcon.colcon_core.plugin_system:Skipping extension 'colcon_core.shell.bat': Not used on non-Windows systems
[0.409s] INFO:colcon.colcon_core.shell:Skip shell extension 'powershell' for command environment: Not usable outside of PowerShell
[0.409s] DEBUG:colcon.colcon_core.shell:Skip shell extension 'dsv' for command environment
[0.422s] DEBUG:colcon.colcon_core.event_handler.log_command:Invoking command in '/home/rabe/ros2_ws/build/drone_binome': CMAKE_PREFIX_PATH=${CMAKE_PREFIX_PATH}:/opt/ros/jazzy DEBUGINFOD_URLS=https://debuginfod.ubuntu.com /usr/bin/cmake --build /home/rabe/ros2_ws/build/drone_binome -- -j16 -l16
[13.422s] DEBUG:colcon.colcon_core.event_handler.log_command:Invoked command in '/home/rabe/ros2_ws/build/drone_binome' returned '0': CMAKE_PREFIX_PATH=${CMAKE_PREFIX_PATH}:/opt/ros/jazzy DEBUGINFOD_URLS=https://debuginfod.ubuntu.com /usr/bin/cmake --build /home/rabe/ros2_ws/build/drone_binome -- -j16 -l16
[13.436s] DEBUG:colcon.colcon_core.event_handler.log_command:Invoking command in '/home/rabe/ros2_ws/build/drone_binome': CMAKE_PREFIX_PATH=${CMAKE_PREFIX_PATH}:/opt/ros/jazzy DEBUGINFOD_URLS=https://debuginfod.ubuntu.com /usr/bin/cmake --install /home/rabe/ros2_ws/build/drone_binome
[13.462s] Level 1:colcon.colcon_core.environment:create_environment_scripts_only(drone_binome)
[13.462s] DEBUG:colcon.colcon_core.event_handler.log_command:Invoked command in '/home/rabe/ros2_ws/build/drone_binome' returned '0': CMAKE_PREFIX_PATH=${CMAKE_PREFIX_PATH}:/opt/ros/jazzy DEBUGINFOD_URLS=https://debuginfod.ubuntu.com /usr/bin/cmake --install /home/rabe/ros2_ws/build/drone_binome
[13.466s] Level 1:colcon.colcon_core.environment:checking '/home/rabe/ros2_ws/install/drone_binome' for CMake module files
[13.467s] Level 1:colcon.colcon_core.environment:checking '/home/rabe/ros2_ws/install/drone_binome' for CMake config files
[13.467s] Level 1:colcon.colcon_core.shell:create_environment_hook('drone_binome', 'cmake_prefix_path')
[13.467s] INFO:colcon.colcon_core.shell:Creating environment hook '/home/rabe/ros2_ws/install/drone_binome/share/drone_binome/hook/cmake_prefix_path.ps1'
[13.468s] INFO:colcon.colcon_core.shell:Creating environment descriptor '/home/rabe/ros2_ws/install/drone_binome/share/drone_binome/hook/cmake_prefix_path.dsv'
[13.468s] INFO:colcon.colcon_core.shell:Creating environment hook '/home/rabe/ros2_ws/install/drone_binome/share/drone_binome/hook/cmake_prefix_path.sh'
[13.469s] Level 1:colcon.colcon_core.environment:checking '/home/rabe/ros2_ws/install/drone_binome/lib'
[13.469s] Level 1:colcon.colcon_core.environment:checking '/home/rabe/ros2_ws/install/drone_binome/bin'
[13.469s] Level 1:colcon.colcon_core.environment:checking '/home/rabe/ros2_ws/install/drone_binome/lib/pkgconfig/drone_binome.pc'
[13.469s] Level 1:colcon.colcon_core.environment:checking '/home/rabe/ros2_ws/install/drone_binome/lib/python3.12/site-packages'
[13.470s] Level 1:colcon.colcon_core.environment:checking '/home/rabe/ros2_ws/install/drone_binome/bin'
[13.470s] INFO:colcon.colcon_core.shell:Creating package script '/home/rabe/ros2_ws/install/drone_binome/share/drone_binome/package.ps1'
[13.470s] INFO:colcon.colcon_core.shell:Creating package descriptor '/home/rabe/ros2_ws/install/drone_binome/share/drone_binome/package.dsv'
[13.471s] INFO:colcon.colcon_core.shell:Creating package script '/home/rabe/ros2_ws/install/drone_binome/share/drone_binome/package.sh'
[13.471s] INFO:colcon.colcon_core.shell:Creating package script '/home/rabe/ros2_ws/install/drone_binome/share/drone_binome/package.bash'
[13.472s] INFO:colcon.colcon_core.shell:Creating package script '/home/rabe/ros2_ws/install/drone_binome/share/drone_binome/package.zsh'
[13.472s] Level 1:colcon.colcon_core.environment:create_file_with_runtime_dependencies(/home/rabe/ros2_ws/install/drone_binome/share/colcon-core/packages/drone_binome)
[13.472s] Level 1:colcon.colcon_core.environment:create_environment_scripts_only(drone_binome)
[13.473s] Level 1:colcon.colcon_core.environment:checking '/home/rabe/ros2_ws/install/drone_binome' for CMake module files
[13.473s] Level 1:colcon.colcon_core.environment:checking '/home/rabe/ros2_ws/install/drone_binome' for CMake config files
[13.473s] Level 1:colcon.colcon_core.shell:create_environment_hook('drone_binome', 'cmake_prefix_path')
[13.473s] INFO:colcon.colcon_core.shell:Creating environment hook '/home/rabe/ros2_ws/install/drone_binome/share/drone_binome/hook/cmake_prefix_path.ps1'
[13.473s] INFO:colcon.colcon_core.shell:Creating environment descriptor '/home/rabe/ros2_ws/install/drone_binome/share/drone_binome/hook/cmake_prefix_path.dsv'
[13.474s] INFO:colcon.colcon_core.shell:Creating environment hook '/home/rabe/ros2_ws/install/drone_binome/share/drone_binome/hook/cmake_prefix_path.sh'
[13.474s] Level 1:colcon.colcon_core.environment:checking '/home/rabe/ros2_ws/install/drone_binome/lib'
[13.474s] Level 1:colcon.colcon_core.environment:checking '/home/rabe/ros2_ws/install/drone_binome/bin'
[13.474s] Level 1:colcon.colcon_core.environment:checking '/home/rabe/ros2_ws/install/drone_binome/lib/pkgconfig/drone_binome.pc'
[13.474s] Level 1:colcon.colcon_core.environment:checking '/home/rabe/ros2_ws/install/drone_binome/lib/python3.12/site-packages'
[13.474s] Level 1:colcon.colcon_core.environment:checking '/home/rabe/ros2_ws/install/drone_binome/bin'
[13.474s] INFO:colcon.colcon_core.shell:Creating package script '/home/rabe/ros2_ws/install/drone_binome/share/drone_binome/package.ps1'
[13.475s] INFO:colcon.colcon_core.shell:Creating package descriptor '/home/rabe/ros2_ws/install/drone_binome/share/drone_binome/package.dsv'
[13.475s] INFO:colcon.colcon_core.shell:Creating package script '/home/rabe/ros2_ws/install/drone_binome/share/drone_binome/package.sh'
[13.475s] INFO:colcon.colcon_core.shell:Creating package script '/home/rabe/ros2_ws/install/drone_binome/share/drone_binome/package.bash'
[13.475s] INFO:colcon.colcon_core.shell:Creating package script '/home/rabe/ros2_ws/install/drone_binome/share/drone_binome/package.zsh'
[13.476s] Level 1:colcon.colcon_core.environment:create_file_with_runtime_dependencies(/home/rabe/ros2_ws/install/drone_binome/share/colcon-core/packages/drone_binome)
[13.476s] DEBUG:colcon.colcon_parallel_executor.executor.parallel:closing loop
[13.476s] DEBUG:colcon.colcon_parallel_executor.executor.parallel:loop closed
[13.476s] DEBUG:colcon.colcon_parallel_executor.executor.parallel:run_until_complete finished with '0'
[13.476s] DEBUG:colcon.colcon_core.event_reactor:joining thread
[13.482s] INFO:colcon.colcon_core.plugin_system:Skipping extension 'colcon_notification.desktop_notification.terminal_notifier': Not used on non-Darwin systems
[13.482s] INFO:colcon.colcon_core.plugin_system:Skipping extension 'colcon_notification.desktop_notification.win32': Not used on non-Windows systems
[13.483s] INFO:colcon.colcon_notification.desktop_notification:Sending desktop notification using 'notify2'
[13.497s] DEBUG:colcon.colcon_core.event_reactor:joined thread
[13.497s] INFO:colcon.colcon_core.shell:Creating prefix script '/home/rabe/ros2_ws/install/local_setup.ps1'
[13.498s] INFO:colcon.colcon_core.shell:Creating prefix util module '/home/rabe/ros2_ws/install/_local_setup_util_ps1.py'
[13.499s] INFO:colcon.colcon_core.shell:Creating prefix chain script '/home/rabe/ros2_ws/install/setup.ps1'
[13.500s] INFO:colcon.colcon_core.shell:Creating prefix script '/home/rabe/ros2_ws/install/local_setup.sh'
[13.500s] INFO:colcon.colcon_core.shell:Creating prefix util module '/home/rabe/ros2_ws/install/_local_setup_util_sh.py'
[13.501s] INFO:colcon.colcon_core.shell:Creating prefix chain script '/home/rabe/ros2_ws/install/setup.sh'
[13.502s] INFO:colcon.colcon_core.shell:Creating prefix script '/home/rabe/ros2_ws/install/local_setup.bash'
[13.502s] INFO:colcon.colcon_core.shell:Creating prefix chain script '/home/rabe/ros2_ws/install/setup.bash'
[13.502s] INFO:colcon.colcon_core.shell:Creating prefix script '/home/rabe/ros2_ws/install/local_setup.zsh'
[13.503s] INFO:colcon.colcon_core.shell:Creating prefix chain script '/home/rabe/ros2_ws/install/setup.zsh'
