[0.122s] DEBUG:colcon:Command line arguments: ['/usr/bin/colcon', 'build', '--symlink-install']
[0.123s] DEBUG:colcon:Parsed command line arguments: Namespace(log_base=None, log_level=None, verb_name='build', build_base='build', install_base='install', merge_install=False, symlink_install=True, test_result_base=None, continue_on_error=False, executor='parallel', parallel_workers=16, event_handlers=None, ignore_user_meta=False, metas=['./colcon.meta'], base_paths=['.'], packages_ignore=None, packages_ignore_regex=None, paths=None, packages_up_to=None, packages_up_to_regex=None, packages_above=None, packages_above_and_dependencies=None, packages_above_depth=None, packages_select_by_dep=None, packages_skip_by_dep=None, packages_skip_up_to=None, packages_select_build_failed=False, packages_skip_build_finished=False, packages_select_test_failures=False, packages_skip_test_passed=False, packages_select=None, packages_skip=None, packages_select_regex=None, packages_skip_regex=None, packages_start=None, packages_end=None, allow_overriding=[], cmake_args=None, cmake_target=None, cmake_target_skip_unavailable=False, cmake_clean_cache=False, cmake_clean_first=False, cmake_force_configure=False, ament_cmake_args=None, catkin_cmake_args=None, catkin_skip_building_tests=False, verb_parser=<colcon_defaults.argument_parser.defaults.DefaultArgumentsDecorator object at 0x73a62a389280>, verb_extension=<colcon_core.verb.build.BuildVerb object at 0x73a62b492ea0>, main=<bound method BuildVerb.main of <colcon_core.verb.build.BuildVerb object at 0x73a62b492ea0>>)
[0.173s] Level 1:colcon.colcon_core.package_discovery:discover_packages(colcon_meta) check parameters
[0.173s] Level 1:colcon.colcon_core.package_discovery:discover_packages(recursive) check parameters
[0.173s] Level 1:colcon.colcon_core.package_discovery:discover_packages(ignore) check parameters
[0.173s] Level 1:colcon.colcon_core.package_discovery:discover_packages(path) check parameters
[0.173s] Level 1:colcon.colcon_core.package_discovery:discover_packages(colcon_meta) discover
[0.173s] Level 1:colcon.colcon_core.package_discovery:discover_packages(recursive) discover
[0.173s] INFO:colcon.colcon_core.package_discovery:Crawling recursively for packages in '/home/rabe/ros2_ws'
[0.174s] Level 1:colcon.colcon_core.package_identification:_identify(.) by extensions ['ignore', 'ignore_ament_install']
[0.174s] Level 1:colcon.colcon_core.package_identification:_identify(.) by extension 'ignore'
[0.174s] Level 1:colcon.colcon_core.package_identification:_identify(.) by extension 'ignore_ament_install'
[0.174s] Level 1:colcon.colcon_core.package_identification:_identify(.) by extensions ['colcon_pkg']
[0.174s] Level 1:colcon.colcon_core.package_identification:_identify(.) by extension 'colcon_pkg'
[0.174s] Level 1:colcon.colcon_core.package_identification:_identify(.) by extensions ['colcon_meta']
[0.174s] Level 1:colcon.colcon_core.package_identification:_identify(.) by extension 'colcon_meta'
[0.174s] Level 1:colcon.colcon_core.package_identification:_identify(.) by extensions ['ros']
[0.174s] Level 1:colcon.colcon_core.package_identification:_identify(.) by extension 'ros'
[0.205s] Level 1:colcon.colcon_core.package_identification:_identify(.) by extensions ['cmake', 'python']
[0.205s] Level 1:colcon.colcon_core.package_identification:_identify(.) by extension 'cmake'
[0.205s] Level 1:colcon.colcon_core.package_identification:_identify(.) by extension 'python'
[0.205s] Level 1:colcon.colcon_core.package_identification:_identify(.) by extensions ['python_setup_py']
[0.205s] Level 1:colcon.colcon_core.package_identification:_identify(.) by extension 'python_setup_py'
[0.206s] Level 1:colcon.colcon_core.package_identification:_identify(build) by extensions ['ignore', 'ignore_ament_install']
[0.206s] Level 1:colcon.colcon_core.package_identification:_identify(build) by extension 'ignore'
[0.206s] Level 1:colcon.colcon_core.package_identification:_identify(build) ignored
[0.206s] Level 1:colcon.colcon_core.package_identification:_identify(install) by extensions ['ignore', 'ignore_ament_install']
[0.206s] Level 1:colcon.colcon_core.package_identification:_identify(install) by extension 'ignore'
[0.206s] Level 1:colcon.colcon_core.package_identification:_identify(install) ignored
[0.206s] Level 1:colcon.colcon_core.package_identification:_identify(log) by extensions ['ignore', 'ignore_ament_install']
[0.206s] Level 1:colcon.colcon_core.package_identification:_identify(log) by extension 'ignore'
[0.206s] Level 1:colcon.colcon_core.package_identification:_identify(log) ignored
[0.206s] Level 1:colcon.colcon_core.package_identification:_identify(src) by extensions ['ignore', 'ignore_ament_install']
[0.207s] Level 1:colcon.colcon_core.package_identification:_identify(src) by extension 'ignore'
[0.207s] Level 1:colcon.colcon_core.package_identification:_identify(src) by extension 'ignore_ament_install'
[0.207s] Level 1:colcon.colcon_core.package_identification:_identify(src) by extensions ['colcon_pkg']
[0.207s] Level 1:colcon.colcon_core.package_identification:_identify(src) by extension 'colcon_pkg'
[0.207s] Level 1:colcon.colcon_core.package_identification:_identify(src) by extensions ['colcon_meta']
[0.207s] Level 1:colcon.colcon_core.package_identification:_identify(src) by extension 'colcon_meta'
[0.207s] Level 1:colcon.colcon_core.package_identification:_identify(src) by extensions ['ros']
[0.207s] Level 1:colcon.colcon_core.package_identification:_identify(src) by extension 'ros'
[0.207s] Level 1:colcon.colcon_core.package_identification:_identify(src) by extensions ['cmake', 'python']
[0.207s] Level 1:colcon.colcon_core.package_identification:_identify(src) by extension 'cmake'
[0.207s] Level 1:colcon.colcon_core.package_identification:_identify(src) by extension 'python'
[0.207s] Level 1:colcon.colcon_core.package_identification:_identify(src) by extensions ['python_setup_py']
[0.207s] Level 1:colcon.colcon_core.package_identification:_identify(src) by extension 'python_setup_py'
[0.207s] Level 1:colcon.colcon_core.package_identification:_identify(src/drone_binome) by extensions ['ignore', 'ignore_ament_install']
[0.207s] Level 1:colcon.colcon_core.package_identification:_identify(src/drone_binome) by extension 'ignore'
[0.207s] Level 1:colcon.colcon_core.package_identification:_identify(src/drone_binome) by extension 'ignore_ament_install'
[0.207s] Level 1:colcon.colcon_core.package_identification:_identify(src/drone_binome) by extensions ['colcon_pkg']
[0.207s] Level 1:colcon.colcon_core.package_identification:_identify(src/drone_binome) by extension 'colcon_pkg'
[0.207s] Level 1:colcon.colcon_core.package_identification:_identify(src/drone_binome) by extensions ['colcon_meta']
[0.207s] Level 1:colcon.colcon_core.package_identification:_identify(src/drone_binome) by extension 'colcon_meta'
[0.208s] Level 1:colcon.colcon_core.package_identification:_identify(src/drone_binome) by extensions ['ros']
[0.208s] Level 1:colcon.colcon_core.package_identification:_identify(src/drone_binome) by extension 'ros'
[0.211s] DEBUG:colcon.colcon_core.package_identification:Package 'src/drone_binome' with type 'ros.ament_cmake' and name 'drone_binome'
[0.211s] Level 1:colcon.colcon_core.package_discovery:discover_packages(recursive) using defaults
[0.211s] Level 1:colcon.colcon_core.package_discovery:discover_packages(ignore) discover
[0.211s] Level 1:colcon.colcon_core.package_discovery:discover_packages(ignore) using defaults
[0.211s] Level 1:colcon.colcon_core.package_discovery:discover_packages(path) discover
[0.211s] Level 1:colcon.colcon_core.package_discovery:discover_packages(path) using defaults
[0.239s] Level 1:colcon.colcon_core.package_discovery:discover_packages(prefix_path) check parameters
[0.239s] Level 1:colcon.colcon_core.package_discovery:discover_packages(prefix_path) discover
[0.241s] WARNING:colcon.colcon_ros.prefix_path.ament:The path '/home/rabe/ros2_ws/install/drone_binome' in the environment variable AMENT_PREFIX_PATH doesn't exist
[0.241s] WARNING:colcon.colcon_ros.prefix_path.catkin:The path '/home/rabe/ros2_ws/install/drone_binome' in the environment variable CMAKE_PREFIX_PATH doesn't exist
[0.242s] DEBUG:colcon.colcon_installed_package_information.package_discovery:Found 0 installed packages in /home/rabe/ros2_ws/install
[0.245s] DEBUG:colcon.colcon_installed_package_information.package_discovery:Found 317 installed packages in /opt/ros/jazzy
[0.246s] Level 1:colcon.colcon_core.package_discovery:discover_packages(prefix_path) using defaults
[0.305s] Level 5:colcon.colcon_core.verb:set package 'drone_binome' build argument 'cmake_args' from command line to 'None'
[0.305s] Level 5:colcon.colcon_core.verb:set package 'drone_binome' build argument 'cmake_target' from command line to 'None'
[0.305s] Level 5:colcon.colcon_core.verb:set package 'drone_binome' build argument 'cmake_target_skip_unavailable' from command line to 'False'
[0.305s] Level 5:colcon.colcon_core.verb:set package 'drone_binome' build argument 'cmake_clean_cache' from command line to 'False'
[0.305s] Level 5:colcon.colcon_core.verb:set package 'drone_binome' build argument 'cmake_clean_first' from command line to 'False'
[0.305s] Level 5:colcon.colcon_core.verb:set package 'drone_binome' build argument 'cmake_force_configure' from command line to 'False'
[0.305s] Level 5:colcon.colcon_core.verb:set package 'drone_binome' build argument 'ament_cmake_args' from command line to 'None'
[0.305s] Level 5:colcon.colcon_core.verb:set package 'drone_binome' build argument 'catkin_cmake_args' from command line to 'None'
[0.306s] Level 5:colcon.colcon_core.verb:set package 'drone_binome' build argument 'catkin_skip_building_tests' from command line to 'False'
[0.306s] DEBUG:colcon.colcon_core.verb:Building package 'drone_binome' with the following arguments: {'ament_cmake_args': None, 'build_base': '/home/rabe/ros2_ws/build/drone_binome', 'catkin_cmake_args': None, 'catkin_skip_building_tests': False, 'cmake_args': None, 'cmake_clean_cache': False, 'cmake_clean_first': False, 'cmake_force_configure': False, 'cmake_target': None, 'cmake_target_skip_unavailable': False, 'install_base': '/home/rabe/ros2_ws/install/drone_binome', 'merge_install': False, 'path': '/home/rabe/ros2_ws/src/drone_binome', 'symlink_install': True, 'test_result_base': None}
[0.306s] INFO:colcon.colcon_core.executor:Executing jobs using 'parallel' executor
[0.307s] DEBUG:colcon.colcon_parallel_executor.executor.parallel:run_until_complete
[0.307s] INFO:colcon.colcon_ros.task.ament_cmake.build:Building ROS package in '/home/rabe/ros2_ws/src/drone_binome' with build type 'ament_cmake'
[0.308s] INFO:colcon.colcon_cmake.task.cmake.build:Building CMake package in '/home/rabe/ros2_ws/src/drone_binome'
[0.310s] INFO:colcon.colcon_core.plugin_system:Skipping extension 'colcon_core.shell.bat': Not used on non-Windows systems
[0.310s] INFO:colcon.colcon_core.shell:Skip shell extension 'powershell' for command environment: Not usable outside of PowerShell
[0.311s] DEBUG:colcon.colcon_core.shell:Skip shell extension 'dsv' for command environment
[0.323s] DEBUG:colcon.colcon_core.event_handler.log_command:Invoking command in '/home/rabe/ros2_ws/build/drone_binome': CMAKE_PREFIX_PATH=${CMAKE_PREFIX_PATH}:/opt/ros/jazzy DEBUGINFOD_URLS=https://debuginfod.ubuntu.com /usr/bin/cmake /home/rabe/ros2_ws/src/drone_binome -DAMENT_CMAKE_SYMLINK_INSTALL=1 -DCMAKE_INSTALL_PREFIX=/home/rabe/ros2_ws/install/drone_binome
[2.173s] DEBUG:colcon.colcon_core.event_handler.log_command:Invoked command in '/home/rabe/ros2_ws/build/drone_binome' returned '0': CMAKE_PREFIX_PATH=${CMAKE_PREFIX_PATH}:/opt/ros/jazzy DEBUGINFOD_URLS=https://debuginfod.ubuntu.com /usr/bin/cmake /home/rabe/ros2_ws/src/drone_binome -DAMENT_CMAKE_SYMLINK_INSTALL=1 -DCMAKE_INSTALL_PREFIX=/home/rabe/ros2_ws/install/drone_binome
[2.174s] DEBUG:colcon.colcon_core.event_handler.log_command:Invoking command in '/home/rabe/ros2_ws/build/drone_binome': CMAKE_PREFIX_PATH=${CMAKE_PREFIX_PATH}:/opt/ros/jazzy DEBUGINFOD_URLS=https://debuginfod.ubuntu.com /usr/bin/cmake --build /home/rabe/ros2_ws/build/drone_binome -- -j16 -l16
[12.063s] DEBUG:colcon.colcon_core.event_handler.log_command:Invoked command in '/home/rabe/ros2_ws/build/drone_binome' returned '0': CMAKE_PREFIX_PATH=${CMAKE_PREFIX_PATH}:/opt/ros/jazzy DEBUGINFOD_URLS=https://debuginfod.ubuntu.com /usr/bin/cmake --build /home/rabe/ros2_ws/build/drone_binome -- -j16 -l16
[12.073s] DEBUG:colcon.colcon_core.event_handler.log_command:Invoking command in '/home/rabe/ros2_ws/build/drone_binome': CMAKE_PREFIX_PATH=${CMAKE_PREFIX_PATH}:/opt/ros/jazzy DEBUGINFOD_URLS=https://debuginfod.ubuntu.com /usr/bin/cmake --install /home/rabe/ros2_ws/build/drone_binome
[12.383s] Level 1:colcon.colcon_core.environment:create_environment_scripts_only(drone_binome)
[12.384s] DEBUG:colcon.colcon_core.event_handler.log_command:Invoked command in '/home/rabe/ros2_ws/build/drone_binome' returned '0': CMAKE_PREFIX_PATH=${CMAKE_PREFIX_PATH}:/opt/ros/jazzy DEBUGINFOD_URLS=https://debuginfod.ubuntu.com /usr/bin/cmake --install /home/rabe/ros2_ws/build/drone_binome
[12.385s] Level 1:colcon.colcon_core.environment:checking '/home/rabe/ros2_ws/install/drone_binome' for CMake module files
[12.385s] Level 1:colcon.colcon_core.environment:checking '/home/rabe/ros2_ws/install/drone_binome' for CMake config files
[12.386s] Level 1:colcon.colcon_core.shell:create_environment_hook('drone_binome', 'cmake_prefix_path')
[12.386s] INFO:colcon.colcon_core.shell:Creating environment hook '/home/rabe/ros2_ws/install/drone_binome/share/drone_binome/hook/cmake_prefix_path.ps1'
[12.386s] INFO:colcon.colcon_core.shell:Creating environment descriptor '/home/rabe/ros2_ws/install/drone_binome/share/drone_binome/hook/cmake_prefix_path.dsv'
[12.386s] INFO:colcon.colcon_core.shell:Creating environment hook '/home/rabe/ros2_ws/install/drone_binome/share/drone_binome/hook/cmake_prefix_path.sh'
[12.387s] Level 1:colcon.colcon_core.environment:checking '/home/rabe/ros2_ws/install/drone_binome/lib'
[12.387s] Level 1:colcon.colcon_core.environment:checking '/home/rabe/ros2_ws/install/drone_binome/bin'
[12.387s] Level 1:colcon.colcon_core.environment:checking '/home/rabe/ros2_ws/install/drone_binome/lib/pkgconfig/drone_binome.pc'
[12.387s] Level 1:colcon.colcon_core.environment:checking '/home/rabe/ros2_ws/install/drone_binome/lib/python3.12/site-packages'
[12.387s] Level 1:colcon.colcon_core.environment:checking '/home/rabe/ros2_ws/install/drone_binome/bin'
[12.387s] INFO:colcon.colcon_core.shell:Creating package script '/home/rabe/ros2_ws/install/drone_binome/share/drone_binome/package.ps1'
[12.388s] INFO:colcon.colcon_core.shell:Creating package descriptor '/home/rabe/ros2_ws/install/drone_binome/share/drone_binome/package.dsv'
[12.388s] INFO:colcon.colcon_core.shell:Creating package script '/home/rabe/ros2_ws/install/drone_binome/share/drone_binome/package.sh'
[12.388s] INFO:colcon.colcon_core.shell:Creating package script '/home/rabe/ros2_ws/install/drone_binome/share/drone_binome/package.bash'
[12.389s] INFO:colcon.colcon_core.shell:Creating package script '/home/rabe/ros2_ws/install/drone_binome/share/drone_binome/package.zsh'
[12.389s] Level 1:colcon.colcon_core.environment:create_file_with_runtime_dependencies(/home/rabe/ros2_ws/install/drone_binome/share/colcon-core/packages/drone_binome)
[12.389s] Level 1:colcon.colcon_core.environment:create_environment_scripts_only(drone_binome)
[12.389s] Level 1:colcon.colcon_core.environment:checking '/home/rabe/ros2_ws/install/drone_binome' for CMake module files
[12.390s] Level 1:colcon.colcon_core.environment:checking '/home/rabe/ros2_ws/install/drone_binome' for CMake config files
[12.390s] Level 1:colcon.colcon_core.shell:create_environment_hook('drone_binome', 'cmake_prefix_path')
[12.390s] INFO:colcon.colcon_core.shell:Creating environment hook '/home/rabe/ros2_ws/install/drone_binome/share/drone_binome/hook/cmake_prefix_path.ps1'
[12.390s] INFO:colcon.colcon_core.shell:Creating environment descriptor '/home/rabe/ros2_ws/install/drone_binome/share/drone_binome/hook/cmake_prefix_path.dsv'
[12.390s] INFO:colcon.colcon_core.shell:Creating environment hook '/home/rabe/ros2_ws/install/drone_binome/share/drone_binome/hook/cmake_prefix_path.sh'
[12.391s] Level 1:colcon.colcon_core.environment:checking '/home/rabe/ros2_ws/install/drone_binome/lib'
[12.391s] Level 1:colcon.colcon_core.environment:checking '/home/rabe/ros2_ws/install/drone_binome/bin'
[12.391s] Level 1:colcon.colcon_core.environment:checking '/home/rabe/ros2_ws/install/drone_binome/lib/pkgconfig/drone_binome.pc'
[12.391s] Level 1:colcon.colcon_core.environment:checking '/home/rabe/ros2_ws/install/drone_binome/lib/python3.12/site-packages'
[12.391s] Level 1:colcon.colcon_core.environment:checking '/home/rabe/ros2_ws/install/drone_binome/bin'
[12.391s] INFO:colcon.colcon_core.shell:Creating package script '/home/rabe/ros2_ws/install/drone_binome/share/drone_binome/package.ps1'
[12.392s] INFO:colcon.colcon_core.shell:Creating package descriptor '/home/rabe/ros2_ws/install/drone_binome/share/drone_binome/package.dsv'
[12.392s] INFO:colcon.colcon_core.shell:Creating package script '/home/rabe/ros2_ws/install/drone_binome/share/drone_binome/package.sh'
[12.392s] INFO:colcon.colcon_core.shell:Creating package script '/home/rabe/ros2_ws/install/drone_binome/share/drone_binome/package.bash'
[12.392s] INFO:colcon.colcon_core.shell:Creating package script '/home/rabe/ros2_ws/install/drone_binome/share/drone_binome/package.zsh'
[12.393s] Level 1:colcon.colcon_core.environment:create_file_with_runtime_dependencies(/home/rabe/ros2_ws/install/drone_binome/share/colcon-core/packages/drone_binome)
[12.393s] DEBUG:colcon.colcon_parallel_executor.executor.parallel:closing loop
[12.393s] DEBUG:colcon.colcon_parallel_executor.executor.parallel:loop closed
[12.393s] DEBUG:colcon.colcon_parallel_executor.executor.parallel:run_until_complete finished with '0'
[12.393s] DEBUG:colcon.colcon_core.event_reactor:joining thread
[12.396s] INFO:colcon.colcon_core.plugin_system:Skipping extension 'colcon_notification.desktop_notification.terminal_notifier': Not used on non-Darwin systems
[12.397s] INFO:colcon.colcon_core.plugin_system:Skipping extension 'colcon_notification.desktop_notification.win32': Not used on non-Windows systems
[12.397s] INFO:colcon.colcon_notification.desktop_notification:Sending desktop notification using 'notify2'
[12.409s] DEBUG:colcon.colcon_core.event_reactor:joined thread
[12.409s] INFO:colcon.colcon_core.shell:Creating prefix script '/home/rabe/ros2_ws/install/local_setup.ps1'
[12.410s] INFO:colcon.colcon_core.shell:Creating prefix util module '/home/rabe/ros2_ws/install/_local_setup_util_ps1.py'
[12.411s] INFO:colcon.colcon_core.shell:Creating prefix chain script '/home/rabe/ros2_ws/install/setup.ps1'
[12.411s] INFO:colcon.colcon_core.shell:Creating prefix script '/home/rabe/ros2_ws/install/local_setup.sh'
[12.411s] INFO:colcon.colcon_core.shell:Creating prefix util module '/home/rabe/ros2_ws/install/_local_setup_util_sh.py'
[12.412s] INFO:colcon.colcon_core.shell:Creating prefix chain script '/home/rabe/ros2_ws/install/setup.sh'
[12.412s] INFO:colcon.colcon_core.shell:Creating prefix script '/home/rabe/ros2_ws/install/local_setup.bash'
[12.412s] INFO:colcon.colcon_core.shell:Creating prefix chain script '/home/rabe/ros2_ws/install/setup.bash'
[12.413s] INFO:colcon.colcon_core.shell:Creating prefix script '/home/rabe/ros2_ws/install/local_setup.zsh'
[12.413s] INFO:colcon.colcon_core.shell:Creating prefix chain script '/home/rabe/ros2_ws/install/setup.zsh'
