[0.015s] Invoking command in '/home/rabe/ros2_ws/build/drone_binome': CMAKE_PREFIX_PATH=${CMAKE_PREFIX_PATH}:/opt/ros/jazzy DEBUGINFOD_URLS=https://debuginfod.ubuntu.com /usr/bin/cmake /home/rabe/ros2_ws/src/drone_binome -DAMENT_CMAKE_SYMLINK_INSTALL=1 -DCMAKE_INSTALL_PREFIX=/home/rabe/ros2_ws/install/drone_binome
[0.108s] -- The C compiler identification is GNU 13.3.0
[0.204s] -- The CXX compiler identification is GNU 13.3.0
[0.234s] -- Detecting C compiler ABI info
[0.402s] -- Detecting C compiler ABI info - done
[0.415s] -- Check for working C compiler: /usr/bin/cc - skipped
[0.415s] -- Detecting C compile features
[0.416s] -- Detecting C compile features - done
[0.434s] -- Detecting CXX compiler ABI info
[0.613s] -- Detecting CXX compiler ABI info - done
[0.625s] -- Check for working CXX compiler: /usr/bin/c++ - skipped
[0.626s] -- Detecting CXX compile features
[0.626s] -- Detecting CXX compile features - done
[0.633s] -- Found ament_cmake: 2.5.5 (/opt/ros/jazzy/share/ament_cmake/cmake)
[0.886s] -- Found Python3: /usr/bin/python3 (found version "3.12.3") found components: Interpreter 
[0.993s] -- Override CMake install command with custom implementation using symlinks instead of copying resources
[1.084s] -- Found rclcpp: 28.1.16 (/opt/ros/jazzy/share/rclcpp/cmake)
[1.170s] -- Found rosidl_generator_c: 4.6.7 (/opt/ros/jazzy/share/rosidl_generator_c/cmake)
[1.196s] -- Found rosidl_generator_cpp: 4.6.7 (/opt/ros/jazzy/share/rosidl_generator_cpp/cmake)
[1.228s] -- Using all available rosidl_typesupport_c: rosidl_typesupport_fastrtps_c;rosidl_typesupport_introspection_c
[1.261s] -- Using all available rosidl_typesupport_cpp: rosidl_typesupport_fastrtps_cpp;rosidl_typesupport_introspection_cpp
[1.391s] -- Found rmw_implementation_cmake: 7.3.3 (/opt/ros/jazzy/share/rmw_implementation_cmake/cmake)
[1.397s] -- Found rmw_fastrtps_cpp: 8.4.3 (/opt/ros/jazzy/share/rmw_fastrtps_cpp/cmake)
[1.506s] -- Found OpenSSL: /usr/lib/x86_64-linux-gnu/libcrypto.so (found version "3.0.13")  
[1.523s] -- Found FastRTPS: /opt/ros/jazzy/include (Required is at least version "2.13") 
[1.544s] -- Using RMW implementation 'rmw_fastrtps_cpp' as default
[1.604s] -- Found geometry_msgs: 5.3.6 (/opt/ros/jazzy/share/geometry_msgs/cmake)
[1.628s] -- Found sensor_msgs: 5.3.6 (/opt/ros/jazzy/share/sensor_msgs/cmake)
[1.646s] -- Found nav_msgs: 5.3.6 (/opt/ros/jazzy/share/nav_msgs/cmake)
[1.676s] -- Performing Test CMAKE_HAVE_LIBC_PTHREAD
[1.760s] -- Performing Test CMAKE_HAVE_LIBC_PTHREAD - Success
[1.761s] -- Found Threads: TRUE  
[1.825s] -- Configuring done (1.8s)
[1.851s] -- Generating done (0.0s)
[1.855s] -- Build files have been written to: /home/rabe/ros2_ws/build/drone_binome
[1.865s] Invoked command in '/home/rabe/ros2_ws/build/drone_binome' returned '0': CMAKE_PREFIX_PATH=${CMAKE_PREFIX_PATH}:/opt/ros/jazzy DEBUGINFOD_URLS=https://debuginfod.ubuntu.com /usr/bin/cmake /home/rabe/ros2_ws/src/drone_binome -DAMENT_CMAKE_SYMLINK_INSTALL=1 -DCMAKE_INSTALL_PREFIX=/home/rabe/ros2_ws/install/drone_binome
[1.866s] Invoking command in '/home/rabe/ros2_ws/build/drone_binome': CMAKE_PREFIX_PATH=${CMAKE_PREFIX_PATH}:/opt/ros/jazzy DEBUGINFOD_URLS=https://debuginfod.ubuntu.com /usr/bin/cmake --build /home/rabe/ros2_ws/build/drone_binome -- -j16 -l16
[1.917s] [  0%] Built target drone_node_autogen_timestamp_deps
[1.939s] [ 20%] [34m[1mAutomatic MOC and UIC for target drone_node[0m
[1.979s] [ 20%] Built target drone_node_autogen
[2.009s] [ 60%] [32mBuilding CXX object CMakeFiles/drone_node.dir/drone_node_autogen/mocs_compilation.cpp.o[0m
[2.010s] [ 60%] [32mBuilding CXX object CMakeFiles/drone_node.dir/src/drone_main.cpp.o[0m
[10.535s] [ 80%] [32m[1mLinking CXX executable drone_node[0m
[11.744s] [100%] Built target drone_node
[11.754s] Invoked command in '/home/rabe/ros2_ws/build/drone_binome' returned '0': CMAKE_PREFIX_PATH=${CMAKE_PREFIX_PATH}:/opt/ros/jazzy DEBUGINFOD_URLS=https://debuginfod.ubuntu.com /usr/bin/cmake --build /home/rabe/ros2_ws/build/drone_binome -- -j16 -l16
[11.764s] Invoking command in '/home/rabe/ros2_ws/build/drone_binome': CMAKE_PREFIX_PATH=${CMAKE_PREFIX_PATH}:/opt/ros/jazzy DEBUGINFOD_URLS=https://debuginfod.ubuntu.com /usr/bin/cmake --install /home/rabe/ros2_ws/build/drone_binome
[11.773s] -- Install configuration: ""
[11.773s] -- Execute custom install script
[11.774s] -- Symlinking: /home/rabe/ros2_ws/install/drone_binome/lib/drone_binome/drone_node
[11.785s] -- Symlinking: /home/rabe/ros2_ws/install/drone_binome/share/drone_binome/worlds/monde_binome.sdf
[11.795s] -- Symlinking: /home/rabe/ros2_ws/install/drone_binome/share/drone_binome/models/Parrot Bebop 2.zip
[11.804s] -- Symlinking: /home/rabe/ros2_ws/install/drone_binome/share/drone_binome/models/model_drone/meshes/hull.dae
[11.813s] -- Symlinking: /home/rabe/ros2_ws/install/drone_binome/share/drone_binome/models/parrot_bebop_2/meshes/hull.dae
[11.823s] -- Symlinking: /home/rabe/ros2_ws/install/drone_binome/share/drone_binome/models/parrot_bebop_2/meshes/propeller_fl.dae
[11.834s] -- Symlinking: /home/rabe/ros2_ws/install/drone_binome/share/drone_binome/models/parrot_bebop_2/meshes/propeller_fr.dae
[11.844s] -- Symlinking: /home/rabe/ros2_ws/install/drone_binome/share/drone_binome/models/parrot_bebop_2/meshes/propeller_rl.dae
[11.853s] -- Symlinking: /home/rabe/ros2_ws/install/drone_binome/share/drone_binome/models/parrot_bebop_2/meshes/propeller_rr.dae
[11.862s] -- Symlinking: /home/rabe/ros2_ws/install/drone_binome/share/drone_binome/models/parrot_bebop_2/model.config
[11.872s] -- Symlinking: /home/rabe/ros2_ws/install/drone_binome/share/drone_binome/models/parrot_bebop_2/model.sdf
[11.882s] -- Symlinking: /home/rabe/ros2_ws/install/drone_binome/share/drone_binome/models/parrot_bebop_2/thumbnails/1.png
[11.891s] -- Symlinking: /home/rabe/ros2_ws/install/drone_binome/share/drone_binome/models/parrot_bebop_2/thumbnails/2.png
[11.901s] -- Symlinking: /home/rabe/ros2_ws/install/drone_binome/share/drone_binome/models/parrot_bebop_2/thumbnails/3.png
[11.911s] -- Symlinking: /home/rabe/ros2_ws/install/drone_binome/share/drone_binome/models/parrot_bebop_2/thumbnails/4.png
[11.920s] -- Symlinking: /home/rabe/ros2_ws/install/drone_binome/share/drone_binome/models/parrot_bebop_2/thumbnails/5.png
[11.932s] -- Symlinking: /home/rabe/ros2_ws/install/drone_binome/share/ament_index/resource_index/package_run_dependencies/drone_binome
[11.943s] -- Symlinking: /home/rabe/ros2_ws/install/drone_binome/share/ament_index/resource_index/parent_prefix_path/drone_binome
[11.951s] -- Symlinking: /home/rabe/ros2_ws/install/drone_binome/share/drone_binome/environment/ament_prefix_path.sh
[11.961s] -- Symlinking: /home/rabe/ros2_ws/install/drone_binome/share/drone_binome/environment/ament_prefix_path.dsv
[11.970s] -- Symlinking: /home/rabe/ros2_ws/install/drone_binome/share/drone_binome/environment/path.sh
[11.981s] -- Symlinking: /home/rabe/ros2_ws/install/drone_binome/share/drone_binome/environment/path.dsv
[11.990s] -- Symlinking: /home/rabe/ros2_ws/install/drone_binome/share/drone_binome/local_setup.bash
[11.998s] -- Symlinking: /home/rabe/ros2_ws/install/drone_binome/share/drone_binome/local_setup.sh
[12.007s] -- Symlinking: /home/rabe/ros2_ws/install/drone_binome/share/drone_binome/local_setup.zsh
[12.017s] -- Symlinking: /home/rabe/ros2_ws/install/drone_binome/share/drone_binome/local_setup.dsv
[12.027s] -- Symlinking: /home/rabe/ros2_ws/install/drone_binome/share/drone_binome/package.dsv
[12.037s] -- Symlinking: /home/rabe/ros2_ws/install/drone_binome/share/ament_index/resource_index/packages/drone_binome
[12.047s] -- Symlinking: /home/rabe/ros2_ws/install/drone_binome/share/drone_binome/cmake/drone_binomeConfig.cmake
[12.056s] -- Symlinking: /home/rabe/ros2_ws/install/drone_binome/share/drone_binome/cmake/drone_binomeConfig-version.cmake
[12.065s] -- Symlinking: /home/rabe/ros2_ws/install/drone_binome/share/drone_binome/package.xml
[12.075s] Invoked command in '/home/rabe/ros2_ws/build/drone_binome' returned '0': CMAKE_PREFIX_PATH=${CMAKE_PREFIX_PATH}:/opt/ros/jazzy DEBUGINFOD_URLS=https://debuginfod.ubuntu.com /usr/bin/cmake --install /home/rabe/ros2_ws/build/drone_binome
