[0.021s] Invoking command in '/home/rabe/ros2_ws/build/drone_binome': CMAKE_PREFIX_PATH=${CMAKE_PREFIX_PATH}:/opt/ros/jazzy DEBUGINFOD_URLS=https://debuginfod.ubuntu.com /usr/bin/cmake --build /home/rabe/ros2_ws/build/drone_binome -- -j16 -l16
[0.095s] -- Found ament_cmake: 2.5.6 (/opt/ros/jazzy/share/ament_cmake/cmake)
[0.400s] -- Override CMake install command with custom implementation using symlinks instead of copying resources
[0.425s] -- Found rclcpp: 28.1.18 (/opt/ros/jazzy/share/rclcpp/cmake)
[0.476s] -- Found rosidl_generator_c: 4.6.7 (/opt/ros/jazzy/share/rosidl_generator_c/cmake)
[0.493s] -- Found rosidl_generator_cpp: 4.6.7 (/opt/ros/jazzy/share/rosidl_generator_cpp/cmake)
[0.514s] -- Using all available rosidl_typesupport_c: rosidl_typesupport_fastrtps_c;rosidl_typesupport_introspection_c
[0.536s] -- Using all available rosidl_typesupport_cpp: rosidl_typesupport_fastrtps_cpp;rosidl_typesupport_introspection_cpp
[0.634s] -- Found rmw_implementation_cmake: 7.3.3 (/opt/ros/jazzy/share/rmw_implementation_cmake/cmake)
[0.644s] -- Found rmw_cyclonedds_cpp: 2.2.3 (/opt/ros/jazzy/share/rmw_cyclonedds_cpp/cmake)
[0.701s] -- Using RMW implementation 'rmw_cyclonedds_cpp' as default
[0.797s] -- Found geometry_msgs: 5.3.7 (/opt/ros/jazzy/share/geometry_msgs/cmake)
[0.848s] -- Found sensor_msgs: 5.3.7 (/opt/ros/jazzy/share/sensor_msgs/cmake)
[0.885s] -- Found nav_msgs: 5.3.7 (/opt/ros/jazzy/share/nav_msgs/cmake)
[1.076s] -- Configuring done (1.0s)
[1.131s] -- Generating done (0.0s)
[1.137s] -- Build files have been written to: /home/rabe/ros2_ws/build/drone_binome
[1.207s] [  0%] Built target drone_node_autogen_timestamp_deps
[1.635s] [ 20%] [34m[1mAutomatic MOC and UIC for target drone_node[0m
[1.695s] [ 20%] Built target drone_node_autogen
[1.780s] [ 40%] [32mBuilding CXX object CMakeFiles/drone_node.dir/src/drone_main.cpp.o[0m
[10.177s] [ 60%] [32m[1mLinking CXX executable drone_node[0m
[11.345s] [100%] Built target drone_node
[11.356s] Invoked command in '/home/rabe/ros2_ws/build/drone_binome' returned '0': CMAKE_PREFIX_PATH=${CMAKE_PREFIX_PATH}:/opt/ros/jazzy DEBUGINFOD_URLS=https://debuginfod.ubuntu.com /usr/bin/cmake --build /home/rabe/ros2_ws/build/drone_binome -- -j16 -l16
[11.366s] Invoking command in '/home/rabe/ros2_ws/build/drone_binome': CMAKE_PREFIX_PATH=${CMAKE_PREFIX_PATH}:/opt/ros/jazzy DEBUGINFOD_URLS=https://debuginfod.ubuntu.com /usr/bin/cmake --install /home/rabe/ros2_ws/build/drone_binome
[11.374s] -- Install configuration: ""
[11.374s] -- Execute custom install script
[11.374s] -- Up-to-date symlink: /home/rabe/ros2_ws/install/drone_binome/lib/drone_binome/drone_node
[11.374s] -- Up-to-date symlink: /home/rabe/ros2_ws/install/drone_binome/share/drone_binome/worlds/monde_binome.sdf
[11.375s] -- Up-to-date symlink: /home/rabe/ros2_ws/install/drone_binome/share/drone_binome/models/Parrot Bebop 2.zip
[11.375s] -- Up-to-date symlink: /home/rabe/ros2_ws/install/drone_binome/share/drone_binome/models/model_drone/meshes/hull.dae
[11.375s] -- Up-to-date symlink: /home/rabe/ros2_ws/install/drone_binome/share/drone_binome/models/parrot_bebop_2/meshes/hull.dae
[11.375s] -- Up-to-date symlink: /home/rabe/ros2_ws/install/drone_binome/share/drone_binome/models/parrot_bebop_2/meshes/propeller_fl.dae
[11.375s] -- Up-to-date symlink: /home/rabe/ros2_ws/install/drone_binome/share/drone_binome/models/parrot_bebop_2/meshes/propeller_fr.dae
[11.375s] -- Up-to-date symlink: /home/rabe/ros2_ws/install/drone_binome/share/drone_binome/models/parrot_bebop_2/meshes/propeller_rl.dae
[11.375s] -- Up-to-date symlink: /home/rabe/ros2_ws/install/drone_binome/share/drone_binome/models/parrot_bebop_2/meshes/propeller_rr.dae
[11.375s] -- Up-to-date symlink: /home/rabe/ros2_ws/install/drone_binome/share/drone_binome/models/parrot_bebop_2/model.config
[11.375s] -- Up-to-date symlink: /home/rabe/ros2_ws/install/drone_binome/share/drone_binome/models/parrot_bebop_2/model.sdf
[11.375s] -- Up-to-date symlink: /home/rabe/ros2_ws/install/drone_binome/share/drone_binome/models/parrot_bebop_2/thumbnails/1.png
[11.375s] -- Up-to-date symlink: /home/rabe/ros2_ws/install/drone_binome/share/drone_binome/models/parrot_bebop_2/thumbnails/2.png
[11.375s] -- Up-to-date symlink: /home/rabe/ros2_ws/install/drone_binome/share/drone_binome/models/parrot_bebop_2/thumbnails/3.png
[11.375s] -- Up-to-date symlink: /home/rabe/ros2_ws/install/drone_binome/share/drone_binome/models/parrot_bebop_2/thumbnails/4.png
[11.376s] -- Up-to-date symlink: /home/rabe/ros2_ws/install/drone_binome/share/drone_binome/models/parrot_bebop_2/thumbnails/5.png
[11.376s] -- Up-to-date symlink: /home/rabe/ros2_ws/install/drone_binome/share/ament_index/resource_index/package_run_dependencies/drone_binome
[11.376s] -- Up-to-date symlink: /home/rabe/ros2_ws/install/drone_binome/share/ament_index/resource_index/parent_prefix_path/drone_binome
[11.376s] -- Up-to-date symlink: /home/rabe/ros2_ws/install/drone_binome/share/drone_binome/environment/ament_prefix_path.sh
[11.376s] -- Up-to-date symlink: /home/rabe/ros2_ws/install/drone_binome/share/drone_binome/environment/ament_prefix_path.dsv
[11.376s] -- Up-to-date symlink: /home/rabe/ros2_ws/install/drone_binome/share/drone_binome/environment/path.sh
[11.376s] -- Up-to-date symlink: /home/rabe/ros2_ws/install/drone_binome/share/drone_binome/environment/path.dsv
[11.376s] -- Up-to-date symlink: /home/rabe/ros2_ws/install/drone_binome/share/drone_binome/local_setup.bash
[11.377s] -- Up-to-date symlink: /home/rabe/ros2_ws/install/drone_binome/share/drone_binome/local_setup.sh
[11.377s] -- Up-to-date symlink: /home/rabe/ros2_ws/install/drone_binome/share/drone_binome/local_setup.zsh
[11.377s] -- Up-to-date symlink: /home/rabe/ros2_ws/install/drone_binome/share/drone_binome/local_setup.dsv
[11.377s] -- Symlinking: /home/rabe/ros2_ws/install/drone_binome/share/drone_binome/package.dsv
[11.385s] -- Up-to-date symlink: /home/rabe/ros2_ws/install/drone_binome/share/ament_index/resource_index/packages/drone_binome
[11.386s] -- Up-to-date symlink: /home/rabe/ros2_ws/install/drone_binome/share/drone_binome/cmake/drone_binomeConfig.cmake
[11.386s] -- Up-to-date symlink: /home/rabe/ros2_ws/install/drone_binome/share/drone_binome/cmake/drone_binomeConfig-version.cmake
[11.386s] -- Up-to-date symlink: /home/rabe/ros2_ws/install/drone_binome/share/drone_binome/package.xml
[11.388s] Invoked command in '/home/rabe/ros2_ws/build/drone_binome' returned '0': CMAKE_PREFIX_PATH=${CMAKE_PREFIX_PATH}:/opt/ros/jazzy DEBUGINFOD_URLS=https://debuginfod.ubuntu.com /usr/bin/cmake --install /home/rabe/ros2_ws/build/drone_binome
