[0.009s] Invoking command in '/home/rabe/ros2_ws/build/drone_binome': CMAKE_PREFIX_PATH=${CMAKE_PREFIX_PATH}:/opt/ros/jazzy DEBUGINFOD_URLS=https://debuginfod.ubuntu.com /usr/bin/cmake --build /home/rabe/ros2_ws/build/drone_binome -- -j16 -l16
[0.064s] [  0%] Built target drone_node_autogen_timestamp_deps
[0.260s] [ 20%] [34m[1mAutomatic MOC and UIC for target drone_node[0m
[0.294s] [ 20%] Built target drone_node_autogen
[0.451s] [ 40%] [32mBuilding CXX object CMakeFiles/drone_node.dir/src/drone_main.cpp.o[0m
[9.512s] [ 60%] [32m[1mLinking CXX executable drone_node[0m
[10.813s] [100%] Built target drone_node
[10.825s] Invoked command in '/home/rabe/ros2_ws/build/drone_binome' returned '0': CMAKE_PREFIX_PATH=${CMAKE_PREFIX_PATH}:/opt/ros/jazzy DEBUGINFOD_URLS=https://debuginfod.ubuntu.com /usr/bin/cmake --build /home/rabe/ros2_ws/build/drone_binome -- -j16 -l16
[10.836s] Invoking command in '/home/rabe/ros2_ws/build/drone_binome': CMAKE_PREFIX_PATH=${CMAKE_PREFIX_PATH}:/opt/ros/jazzy DEBUGINFOD_URLS=https://debuginfod.ubuntu.com /usr/bin/cmake --install /home/rabe/ros2_ws/build/drone_binome
[10.845s] -- Install configuration: ""
[10.845s] -- Execute custom install script
[10.845s] -- Up-to-date symlink: /home/rabe/ros2_ws/install/drone_binome/lib/drone_binome/drone_node
[10.845s] -- Up-to-date symlink: /home/rabe/ros2_ws/install/drone_binome/share/drone_binome/worlds/monde_binome.sdf
[10.846s] -- Up-to-date symlink: /home/rabe/ros2_ws/install/drone_binome/share/drone_binome/models/Parrot Bebop 2.zip
[10.846s] -- Up-to-date symlink: /home/rabe/ros2_ws/install/drone_binome/share/drone_binome/models/model_drone/meshes/hull.dae
[10.846s] -- Up-to-date symlink: /home/rabe/ros2_ws/install/drone_binome/share/drone_binome/models/parrot_bebop_2/meshes/hull.dae
[10.846s] -- Up-to-date symlink: /home/rabe/ros2_ws/install/drone_binome/share/drone_binome/models/parrot_bebop_2/meshes/propeller_fl.dae
[10.846s] -- Up-to-date symlink: /home/rabe/ros2_ws/install/drone_binome/share/drone_binome/models/parrot_bebop_2/meshes/propeller_fr.dae
[10.846s] -- Up-to-date symlink: /home/rabe/ros2_ws/install/drone_binome/share/drone_binome/models/parrot_bebop_2/meshes/propeller_rl.dae
[10.846s] -- Up-to-date symlink: /home/rabe/ros2_ws/install/drone_binome/share/drone_binome/models/parrot_bebop_2/meshes/propeller_rr.dae
[10.846s] -- Up-to-date symlink: /home/rabe/ros2_ws/install/drone_binome/share/drone_binome/models/parrot_bebop_2/model.config
[10.846s] -- Up-to-date symlink: /home/rabe/ros2_ws/install/drone_binome/share/drone_binome/models/parrot_bebop_2/model.sdf
[10.846s] -- Up-to-date symlink: /home/rabe/ros2_ws/install/drone_binome/share/drone_binome/models/parrot_bebop_2/thumbnails/1.png
[10.846s] -- Up-to-date symlink: /home/rabe/ros2_ws/install/drone_binome/share/drone_binome/models/parrot_bebop_2/thumbnails/2.png
[10.846s] -- Up-to-date symlink: /home/rabe/ros2_ws/install/drone_binome/share/drone_binome/models/parrot_bebop_2/thumbnails/3.png
[10.847s] -- Up-to-date symlink: /home/rabe/ros2_ws/install/drone_binome/share/drone_binome/models/parrot_bebop_2/thumbnails/4.png
[10.847s] -- Up-to-date symlink: /home/rabe/ros2_ws/install/drone_binome/share/drone_binome/models/parrot_bebop_2/thumbnails/5.png
[10.847s] -- Up-to-date symlink: /home/rabe/ros2_ws/install/drone_binome/share/ament_index/resource_index/package_run_dependencies/drone_binome
[10.847s] -- Up-to-date symlink: /home/rabe/ros2_ws/install/drone_binome/share/ament_index/resource_index/parent_prefix_path/drone_binome
[10.847s] -- Up-to-date symlink: /home/rabe/ros2_ws/install/drone_binome/share/drone_binome/environment/ament_prefix_path.sh
[10.847s] -- Up-to-date symlink: /home/rabe/ros2_ws/install/drone_binome/share/drone_binome/environment/ament_prefix_path.dsv
[10.847s] -- Up-to-date symlink: /home/rabe/ros2_ws/install/drone_binome/share/drone_binome/environment/path.sh
[10.847s] -- Up-to-date symlink: /home/rabe/ros2_ws/install/drone_binome/share/drone_binome/environment/path.dsv
[10.847s] -- Up-to-date symlink: /home/rabe/ros2_ws/install/drone_binome/share/drone_binome/local_setup.bash
[10.848s] -- Up-to-date symlink: /home/rabe/ros2_ws/install/drone_binome/share/drone_binome/local_setup.sh
[10.848s] -- Up-to-date symlink: /home/rabe/ros2_ws/install/drone_binome/share/drone_binome/local_setup.zsh
[10.848s] -- Up-to-date symlink: /home/rabe/ros2_ws/install/drone_binome/share/drone_binome/local_setup.dsv
[10.848s] -- Symlinking: /home/rabe/ros2_ws/install/drone_binome/share/drone_binome/package.dsv
[10.858s] -- Up-to-date symlink: /home/rabe/ros2_ws/install/drone_binome/share/ament_index/resource_index/packages/drone_binome
[10.858s] -- Up-to-date symlink: /home/rabe/ros2_ws/install/drone_binome/share/drone_binome/cmake/drone_binomeConfig.cmake
[10.858s] -- Up-to-date symlink: /home/rabe/ros2_ws/install/drone_binome/share/drone_binome/cmake/drone_binomeConfig-version.cmake
[10.858s] -- Up-to-date symlink: /home/rabe/ros2_ws/install/drone_binome/share/drone_binome/package.xml
[10.860s] Invoked command in '/home/rabe/ros2_ws/build/drone_binome' returned '0': CMAKE_PREFIX_PATH=${CMAKE_PREFIX_PATH}:/opt/ros/jazzy DEBUGINFOD_URLS=https://debuginfod.ubuntu.com /usr/bin/cmake --install /home/rabe/ros2_ws/build/drone_binome
